  Block.cpp
  CreateMap.cpp
  Game.cpp
  Manager.cpp
  Object.cpp
  Object2D.cpp
  Player.cpp
  Result.cpp
  Texture.cpp
  Title.cpp
  Tutorial.cpp
  fade.cpp
  main.cpp
  コード生成しています。
  58 of 156 functions (37.2%) were compiled, the rest were copied from previous compilation.
    8 functions were new in current compilation
    3 functions had inline decision re-evaluated but remain unchanged
  コード生成が終了しました。
  MoonlitRequiem.vcxproj -> C:\Users\student\Desktop\月夜の鎮魂歌\MoonlitRequiem\開発環境\MoonlitRequiem\MoonlitRequiem.exe
  MoonlitRequiem.vcxproj -> C:\Users\student\Desktop\月夜の鎮魂歌\MoonlitRequiem\開発環境\MoonlitRequiem\MoonlitRequiem.pdb (Full PDB)
