c:\users\student\desktop\月夜の鎮魂歌\moonlitrequiem\開発環境\moonlitrequiem\debug\vc140.pdb
c:\users\student\desktop\月夜の鎮魂歌\moonlitrequiem\開発環境\moonlitrequiem\debug\vc140.idb
c:\users\student\desktop\月夜の鎮魂歌\moonlitrequiem\開発環境\moonlitrequiem\debug\main.obj
c:\users\student\desktop\月夜の鎮魂歌\moonlitrequiem\開発環境\moonlitrequiem\debug\manager.obj
c:\users\student\desktop\月夜の鎮魂歌\moonlitrequiem\開発環境\moonlitrequiem\debug\input.obj
c:\users\student\desktop\月夜の鎮魂歌\moonlitrequiem\開発環境\moonlitrequiem\debug\sound.obj
c:\users\student\desktop\月夜の鎮魂歌\moonlitrequiem\開発環境\moonlitrequiem\debug\renderer.obj
c:\users\student\desktop\月夜の鎮魂歌\moonlitrequiem\開発環境\moonlitrequiem\debug\object.obj
c:\users\student\desktop\月夜の鎮魂歌\moonlitrequiem\開発環境\moonlitrequiem\debug\object2d.obj
c:\users\student\desktop\月夜の鎮魂歌\moonlitrequiem\開発環境\moonlitrequiem\debug\texture.obj
c:\users\student\desktop\月夜の鎮魂歌\moonlitrequiem\開発環境\moonlitrequiem\debug\player.obj
c:\users\student\desktop\月夜の鎮魂歌\moonlitrequiem\開発環境\moonlitrequiem\debug\fade.obj
c:\users\student\desktop\月夜の鎮魂歌\moonlitrequiem\開発環境\moonlitrequiem\debug\result.obj
c:\users\student\desktop\月夜の鎮魂歌\moonlitrequiem\開発環境\moonlitrequiem\debug\title.obj
c:\users\student\desktop\月夜の鎮魂歌\moonlitrequiem\開発環境\moonlitrequiem\debug\tutorial.obj
c:\users\student\desktop\月夜の鎮魂歌\moonlitrequiem\開発環境\moonlitrequiem\debug\game.obj
c:\users\student\desktop\月夜の鎮魂歌\moonlitrequiem\開発環境\moonlitrequiem\debug\block.obj
c:\users\student\desktop\月夜の鎮魂歌\moonlitrequiem\開発環境\moonlitrequiem\debug\createmap.obj
c:\users\student\desktop\月夜の鎮魂歌\moonlitrequiem\開発環境\moonlitrequiem\debug\moonlitrequiem.ilk
c:\users\student\desktop\月夜の鎮魂歌\moonlitrequiem\開発環境\moonlitrequiem\debug\moonlitrequiem.exe
c:\users\student\desktop\月夜の鎮魂歌\moonlitrequiem\開発環境\moonlitrequiem\debug\moonlitrequiem.pdb
c:\users\student\desktop\月夜の鎮魂歌\moonlitrequiem\開発環境\moonlitrequiem\debug\moonlitrequiem.tlog\cl.command.1.tlog
c:\users\student\desktop\月夜の鎮魂歌\moonlitrequiem\開発環境\moonlitrequiem\debug\moonlitrequiem.tlog\cl.read.1.tlog
c:\users\student\desktop\月夜の鎮魂歌\moonlitrequiem\開発環境\moonlitrequiem\debug\moonlitrequiem.tlog\cl.write.1.tlog
c:\users\student\desktop\月夜の鎮魂歌\moonlitrequiem\開発環境\moonlitrequiem\debug\moonlitrequiem.tlog\link.command.1.tlog
c:\users\student\desktop\月夜の鎮魂歌\moonlitrequiem\開発環境\moonlitrequiem\debug\moonlitrequiem.tlog\link.read.1.tlog
c:\users\student\desktop\月夜の鎮魂歌\moonlitrequiem\開発環境\moonlitrequiem\debug\moonlitrequiem.tlog\link.write.1.tlog
